2019-07-26 17:10:54.561  INFO 21959 --- [restartedMain] com.pacman.PacmanApplication             : Starting PacmanApplication on RS-UInemn8 with PID 21959 (/home/dmitriy/IdeaProjects/pacman/backend/build/classes/java/main started by dmitriy in /home/dmitriy/IdeaProjects/pacman/backend)
2019-07-26 17:10:54.564  INFO 21959 --- [restartedMain] com.pacman.PacmanApplication             : No active profile set, falling back to default profiles: default
2019-07-26 17:10:54.635  INFO 21959 --- [restartedMain] .e.DevToolsPropertyDefaultsPostProcessor : Devtools property defaults active! Set 'spring.devtools.add-properties' to 'false' to disable
2019-07-26 17:10:54.636  INFO 21959 --- [restartedMain] .e.DevToolsPropertyDefaultsPostProcessor : For additional web related logging consider setting the 'logging.level.web' property to 'DEBUG'
2019-07-26 17:10:55.334  INFO 21959 --- [restartedMain] .s.d.r.c.RepositoryConfigurationDelegate : Bootstrapping Spring Data repositories in DEFAULT mode.
2019-07-26 17:10:55.352  INFO 21959 --- [restartedMain] .s.d.r.c.RepositoryConfigurationDelegate : Finished Spring Data repository scanning in 11ms. Found 0 repository interfaces.
2019-07-26 17:10:55.665  INFO 21959 --- [restartedMain] trationDelegate$BeanPostProcessorChecker : Bean 'org.springframework.transaction.annotation.ProxyTransactionManagementConfiguration' of type [org.springframework.transaction.annotation.ProxyTransactionManagementConfiguration$$EnhancerBySpringCGLIB$$dae8a177] is not eligible for getting processed by all BeanPostProcessors (for example: not eligible for auto-proxying)
2019-07-26 17:10:55.927  INFO 21959 --- [restartedMain] o.s.b.w.embedded.tomcat.TomcatWebServer  : Tomcat initialized with port(s): 8080 (http)
2019-07-26 17:10:55.953  INFO 21959 --- [restartedMain] o.apache.catalina.core.StandardService   : Starting service [Tomcat]
2019-07-26 17:10:55.953  INFO 21959 --- [restartedMain] org.apache.catalina.core.StandardEngine  : Starting Servlet engine: [Apache Tomcat/9.0.21]
2019-07-26 17:10:56.022  INFO 21959 --- [restartedMain] o.a.c.c.C.[Tomcat].[localhost].[/]       : Initializing Spring embedded WebApplicationContext
2019-07-26 17:10:56.022  INFO 21959 --- [restartedMain] o.s.web.context.ContextLoader            : Root WebApplicationContext: initialization completed in 1386 ms
2019-07-26 17:10:56.101 ERROR 21959 --- [restartedMain] com.zaxxer.hikari.HikariConfig           : Failed to load driver class com.mysql.cj.jdbc.Driver from HikariConfig class classloader sun.misc.Launcher$AppClassLoader@18b4aac2
2019-07-26 17:10:56.104  WARN 21959 --- [restartedMain] ConfigServletWebServerApplicationContext : Exception encountered during context initialization - cancelling refresh attempt: org.springframework.beans.factory.UnsatisfiedDependencyException: Error creating bean with name 'inMemoryDatabaseShutdownExecutor' defined in class path resource [org/springframework/boot/devtools/autoconfigure/DevToolsDataSourceAutoConfiguration.class]: Unsatisfied dependency expressed through method 'inMemoryDatabaseShutdownExecutor' parameter 0; nested exception is org.springframework.beans.factory.BeanCreationException: Error creating bean with name 'dataSource' defined in class path resource [org/springframework/boot/autoconfigure/jdbc/DataSourceConfiguration$Hikari.class]: Bean instantiation via factory method failed; nested exception is org.springframework.beans.BeanInstantiationException: Failed to instantiate [com.zaxxer.hikari.HikariDataSource]: Factory method 'dataSource' threw exception; nested exception is org.springframework.boot.context.properties.bind.BindException: Failed to bind properties under '' to com.zaxxer.hikari.HikariDataSource
2019-07-26 17:10:56.107  INFO 21959 --- [restartedMain] o.apache.catalina.core.StandardService   : Stopping service [Tomcat]
2019-07-26 17:10:56.117  INFO 21959 --- [restartedMain] ConditionEvaluationReportLoggingListener : 

Error starting ApplicationContext. To display the conditions report re-run your application with 'debug' enabled.
2019-07-26 17:10:56.123 ERROR 21959 --- [restartedMain] o.s.b.d.LoggingFailureAnalysisReporter   : 

***************************
APPLICATION FAILED TO START
***************************

Description:

Failed to bind properties under '' to com.zaxxer.hikari.HikariDataSource:

    Property: driverclassname
    Value: com.mysql.cj.jdbc.Driver
    Origin: "driverClassName" from property source "source"
    Reason: Failed to load driver class com.mysql.cj.jdbc.Driver in either of HikariConfig class loader or Thread context classloader

Action:

Update your application's configuration

2019-07-26 17:11:14.324  INFO 22048 --- [restartedMain] com.pacman.PacmanApplication             : Starting PacmanApplication on RS-UInemn8 with PID 22048 (/home/dmitriy/IdeaProjects/pacman/backend/build/classes/java/main started by dmitriy in /home/dmitriy/IdeaProjects/pacman/backend)
2019-07-26 17:11:14.333  INFO 22048 --- [restartedMain] com.pacman.PacmanApplication             : No active profile set, falling back to default profiles: default
2019-07-26 17:11:14.398  INFO 22048 --- [restartedMain] .e.DevToolsPropertyDefaultsPostProcessor : Devtools property defaults active! Set 'spring.devtools.add-properties' to 'false' to disable
2019-07-26 17:11:14.399  INFO 22048 --- [restartedMain] .e.DevToolsPropertyDefaultsPostProcessor : For additional web related logging consider setting the 'logging.level.web' property to 'DEBUG'
2019-07-26 17:11:15.089  INFO 22048 --- [restartedMain] .s.d.r.c.RepositoryConfigurationDelegate : Bootstrapping Spring Data repositories in DEFAULT mode.
2019-07-26 17:11:15.107  INFO 22048 --- [restartedMain] .s.d.r.c.RepositoryConfigurationDelegate : Finished Spring Data repository scanning in 11ms. Found 0 repository interfaces.
2019-07-26 17:11:15.411  INFO 22048 --- [restartedMain] trationDelegate$BeanPostProcessorChecker : Bean 'org.springframework.transaction.annotation.ProxyTransactionManagementConfiguration' of type [org.springframework.transaction.annotation.ProxyTransactionManagementConfiguration$$EnhancerBySpringCGLIB$$ebc1e296] is not eligible for getting processed by all BeanPostProcessors (for example: not eligible for auto-proxying)
2019-07-26 17:11:15.667  INFO 22048 --- [restartedMain] o.s.b.w.embedded.tomcat.TomcatWebServer  : Tomcat initialized with port(s): 8080 (http)
2019-07-26 17:11:15.693  INFO 22048 --- [restartedMain] o.apache.catalina.core.StandardService   : Starting service [Tomcat]
2019-07-26 17:11:15.693  INFO 22048 --- [restartedMain] org.apache.catalina.core.StandardEngine  : Starting Servlet engine: [Apache Tomcat/9.0.21]
2019-07-26 17:11:15.791  INFO 22048 --- [restartedMain] o.a.c.c.C.[Tomcat].[localhost].[/]       : Initializing Spring embedded WebApplicationContext
2019-07-26 17:11:15.792  INFO 22048 --- [restartedMain] o.s.web.context.ContextLoader            : Root WebApplicationContext: initialization completed in 1391 ms
2019-07-26 17:11:15.875 ERROR 22048 --- [restartedMain] com.zaxxer.hikari.HikariConfig           : Failed to load driver class com.mysql.cj.jdbc.Driver from HikariConfig class classloader sun.misc.Launcher$AppClassLoader@18b4aac2
2019-07-26 17:11:15.942  WARN 22048 --- [restartedMain] ConfigServletWebServerApplicationContext : Exception encountered during context initialization - cancelling refresh attempt: org.springframework.beans.factory.UnsatisfiedDependencyException: Error creating bean with name 'inMemoryDatabaseShutdownExecutor' defined in class path resource [org/springframework/boot/devtools/autoconfigure/DevToolsDataSourceAutoConfiguration.class]: Unsatisfied dependency expressed through method 'inMemoryDatabaseShutdownExecutor' parameter 0; nested exception is org.springframework.beans.factory.BeanCreationException: Error creating bean with name 'dataSource' defined in class path resource [org/springframework/boot/autoconfigure/jdbc/DataSourceConfiguration$Hikari.class]: Bean instantiation via factory method failed; nested exception is org.springframework.beans.BeanInstantiationException: Failed to instantiate [com.zaxxer.hikari.HikariDataSource]: Factory method 'dataSource' threw exception; nested exception is org.springframework.boot.context.properties.bind.BindException: Failed to bind properties under '' to com.zaxxer.hikari.HikariDataSource
2019-07-26 17:11:15.947  INFO 22048 --- [restartedMain] o.apache.catalina.core.StandardService   : Stopping service [Tomcat]
2019-07-26 17:11:15.961  INFO 22048 --- [restartedMain] ConditionEvaluationReportLoggingListener : 

Error starting ApplicationContext. To display the conditions report re-run your application with 'debug' enabled.
2019-07-26 17:11:15.967 ERROR 22048 --- [restartedMain] o.s.b.d.LoggingFailureAnalysisReporter   : 

***************************
APPLICATION FAILED TO START
***************************

Description:

Failed to bind properties under '' to com.zaxxer.hikari.HikariDataSource:

    Property: driverclassname
    Value: com.mysql.cj.jdbc.Driver
    Origin: "driverClassName" from property source "source"
    Reason: Failed to load driver class com.mysql.cj.jdbc.Driver in either of HikariConfig class loader or Thread context classloader

Action:

Update your application's configuration

2019-07-26 17:12:37.184  INFO 22148 --- [restartedMain] com.pacman.PacmanApplication             : Starting PacmanApplication on RS-UInemn8 with PID 22148 (/home/dmitriy/IdeaProjects/pacman/backend/build/classes/java/main started by dmitriy in /home/dmitriy/IdeaProjects/pacman/backend)
2019-07-26 17:12:37.189  INFO 22148 --- [restartedMain] com.pacman.PacmanApplication             : No active profile set, falling back to default profiles: default
2019-07-26 17:12:37.320  INFO 22148 --- [restartedMain] .e.DevToolsPropertyDefaultsPostProcessor : Devtools property defaults active! Set 'spring.devtools.add-properties' to 'false' to disable
2019-07-26 17:12:37.321  INFO 22148 --- [restartedMain] .e.DevToolsPropertyDefaultsPostProcessor : For additional web related logging consider setting the 'logging.level.web' property to 'DEBUG'
2019-07-26 17:12:37.923  INFO 22148 --- [restartedMain] .s.d.r.c.RepositoryConfigurationDelegate : Bootstrapping Spring Data repositories in DEFAULT mode.
2019-07-26 17:12:37.940  INFO 22148 --- [restartedMain] .s.d.r.c.RepositoryConfigurationDelegate : Finished Spring Data repository scanning in 11ms. Found 0 repository interfaces.
2019-07-26 17:12:38.234  INFO 22148 --- [restartedMain] trationDelegate$BeanPostProcessorChecker : Bean 'org.springframework.transaction.annotation.ProxyTransactionManagementConfiguration' of type [org.springframework.transaction.annotation.ProxyTransactionManagementConfiguration$$EnhancerBySpringCGLIB$$6dd09485] is not eligible for getting processed by all BeanPostProcessors (for example: not eligible for auto-proxying)
2019-07-26 17:12:38.507  INFO 22148 --- [restartedMain] o.s.b.w.embedded.tomcat.TomcatWebServer  : Tomcat initialized with port(s): 8080 (http)
2019-07-26 17:12:38.531  INFO 22148 --- [restartedMain] o.apache.catalina.core.StandardService   : Starting service [Tomcat]
2019-07-26 17:12:38.532  INFO 22148 --- [restartedMain] org.apache.catalina.core.StandardEngine  : Starting Servlet engine: [Apache Tomcat/9.0.21]
2019-07-26 17:12:38.603  INFO 22148 --- [restartedMain] o.a.c.c.C.[Tomcat].[localhost].[/]       : Initializing Spring embedded WebApplicationContext
2019-07-26 17:12:38.604  INFO 22148 --- [restartedMain] o.s.web.context.ContextLoader            : Root WebApplicationContext: initialization completed in 1283 ms
2019-07-26 17:12:38.683 ERROR 22148 --- [restartedMain] com.zaxxer.hikari.HikariConfig           : Failed to load driver class com.mysql.cj.jdbc.Driver from HikariConfig class classloader sun.misc.Launcher$AppClassLoader@18b4aac2
2019-07-26 17:12:38.685  WARN 22148 --- [restartedMain] ConfigServletWebServerApplicationContext : Exception encountered during context initialization - cancelling refresh attempt: org.springframework.beans.factory.UnsatisfiedDependencyException: Error creating bean with name 'inMemoryDatabaseShutdownExecutor' defined in class path resource [org/springframework/boot/devtools/autoconfigure/DevToolsDataSourceAutoConfiguration.class]: Unsatisfied dependency expressed through method 'inMemoryDatabaseShutdownExecutor' parameter 0; nested exception is org.springframework.beans.factory.BeanCreationException: Error creating bean with name 'dataSource' defined in class path resource [org/springframework/boot/autoconfigure/jdbc/DataSourceConfiguration$Hikari.class]: Bean instantiation via factory method failed; nested exception is org.springframework.beans.BeanInstantiationException: Failed to instantiate [com.zaxxer.hikari.HikariDataSource]: Factory method 'dataSource' threw exception; nested exception is org.springframework.boot.context.properties.bind.BindException: Failed to bind properties under '' to com.zaxxer.hikari.HikariDataSource
2019-07-26 17:12:38.688  INFO 22148 --- [restartedMain] o.apache.catalina.core.StandardService   : Stopping service [Tomcat]
2019-07-26 17:12:38.786  INFO 22148 --- [restartedMain] ConditionEvaluationReportLoggingListener : 

Error starting ApplicationContext. To display the conditions report re-run your application with 'debug' enabled.
2019-07-26 17:12:38.803 ERROR 22148 --- [restartedMain] o.s.b.d.LoggingFailureAnalysisReporter   : 

***************************
APPLICATION FAILED TO START
***************************

Description:

Failed to bind properties under '' to com.zaxxer.hikari.HikariDataSource:

    Property: driverclassname
    Value: com.mysql.cj.jdbc.Driver
    Origin: "driverClassName" from property source "source"
    Reason: Failed to load driver class com.mysql.cj.jdbc.Driver in either of HikariConfig class loader or Thread context classloader

Action:

Update your application's configuration

2019-07-26 17:13:02.476  INFO 22246 --- [restartedMain] com.pacman.PacmanApplication             : Starting PacmanApplication on RS-UInemn8 with PID 22246 (/home/dmitriy/IdeaProjects/pacman/backend/build/classes/java/main started by dmitriy in /home/dmitriy/IdeaProjects/pacman/backend)
2019-07-26 17:13:02.479  INFO 22246 --- [restartedMain] com.pacman.PacmanApplication             : No active profile set, falling back to default profiles: default
2019-07-26 17:13:02.535  INFO 22246 --- [restartedMain] .e.DevToolsPropertyDefaultsPostProcessor : Devtools property defaults active! Set 'spring.devtools.add-properties' to 'false' to disable
2019-07-26 17:13:02.535  INFO 22246 --- [restartedMain] .e.DevToolsPropertyDefaultsPostProcessor : For additional web related logging consider setting the 'logging.level.web' property to 'DEBUG'
2019-07-26 17:13:03.789  INFO 22246 --- [restartedMain] .s.d.r.c.RepositoryConfigurationDelegate : Bootstrapping Spring Data repositories in DEFAULT mode.
2019-07-26 17:13:03.834  INFO 22246 --- [restartedMain] .s.d.r.c.RepositoryConfigurationDelegate : Finished Spring Data repository scanning in 24ms. Found 0 repository interfaces.
2019-07-26 17:13:04.411  INFO 22246 --- [restartedMain] trationDelegate$BeanPostProcessorChecker : Bean 'org.springframework.transaction.annotation.ProxyTransactionManagementConfiguration' of type [org.springframework.transaction.annotation.ProxyTransactionManagementConfiguration$$EnhancerBySpringCGLIB$$50cd9849] is not eligible for getting processed by all BeanPostProcessors (for example: not eligible for auto-proxying)
2019-07-26 17:13:04.758  INFO 22246 --- [restartedMain] o.s.b.w.embedded.tomcat.TomcatWebServer  : Tomcat initialized with port(s): 8080 (http)
2019-07-26 17:13:04.804  INFO 22246 --- [restartedMain] o.apache.catalina.core.StandardService   : Starting service [Tomcat]
2019-07-26 17:13:04.804  INFO 22246 --- [restartedMain] org.apache.catalina.core.StandardEngine  : Starting Servlet engine: [Apache Tomcat/9.0.21]
2019-07-26 17:13:04.913  INFO 22246 --- [restartedMain] o.a.c.c.C.[Tomcat].[localhost].[/]       : Initializing Spring embedded WebApplicationContext
2019-07-26 17:13:04.913  INFO 22246 --- [restartedMain] o.s.web.context.ContextLoader            : Root WebApplicationContext: initialization completed in 2378 ms
2019-07-26 17:13:05.016 ERROR 22246 --- [restartedMain] com.zaxxer.hikari.HikariConfig           : Failed to load driver class com.mysql.cj.jdbc.Driver from HikariConfig class classloader sun.misc.Launcher$AppClassLoader@18b4aac2
2019-07-26 17:13:05.020  WARN 22246 --- [restartedMain] ConfigServletWebServerApplicationContext : Exception encountered during context initialization - cancelling refresh attempt: org.springframework.beans.factory.UnsatisfiedDependencyException: Error creating bean with name 'inMemoryDatabaseShutdownExecutor' defined in class path resource [org/springframework/boot/devtools/autoconfigure/DevToolsDataSourceAutoConfiguration.class]: Unsatisfied dependency expressed through method 'inMemoryDatabaseShutdownExecutor' parameter 0; nested exception is org.springframework.beans.factory.BeanCreationException: Error creating bean with name 'dataSource' defined in class path resource [org/springframework/boot/autoconfigure/jdbc/DataSourceConfiguration$Hikari.class]: Bean instantiation via factory method failed; nested exception is org.springframework.beans.BeanInstantiationException: Failed to instantiate [com.zaxxer.hikari.HikariDataSource]: Factory method 'dataSource' threw exception; nested exception is org.springframework.boot.context.properties.bind.BindException: Failed to bind properties under '' to com.zaxxer.hikari.HikariDataSource
2019-07-26 17:13:05.126  INFO 22246 --- [restartedMain] o.apache.catalina.core.StandardService   : Stopping service [Tomcat]
2019-07-26 17:13:05.141  INFO 22246 --- [restartedMain] ConditionEvaluationReportLoggingListener : 

Error starting ApplicationContext. To display the conditions report re-run your application with 'debug' enabled.
2019-07-26 17:13:05.149 ERROR 22246 --- [restartedMain] o.s.b.d.LoggingFailureAnalysisReporter   : 

***************************
APPLICATION FAILED TO START
***************************

Description:

Failed to bind properties under '' to com.zaxxer.hikari.HikariDataSource:

    Property: driverclassname
    Value: com.mysql.cj.jdbc.Driver
    Origin: "driverClassName" from property source "source"
    Reason: Failed to load driver class com.mysql.cj.jdbc.Driver in either of HikariConfig class loader or Thread context classloader

Action:

Update your application's configuration

2019-07-26 17:13:16.201  INFO 22385 --- [main] com.pacman.PacmanApplication             : Starting PacmanApplication on RS-UInemn8 with PID 22385 (/home/dmitriy/IdeaProjects/pacman/backend/out/production/classes started by dmitriy in /home/dmitriy/IdeaProjects/pacman/backend)
2019-07-26 17:13:16.204  INFO 22385 --- [main] com.pacman.PacmanApplication             : No active profile set, falling back to default profiles: default
2019-07-26 17:13:16.789  INFO 22385 --- [main] .s.d.r.c.RepositoryConfigurationDelegate : Bootstrapping Spring Data repositories in DEFAULT mode.
2019-07-26 17:13:16.809  INFO 22385 --- [main] .s.d.r.c.RepositoryConfigurationDelegate : Finished Spring Data repository scanning in 12ms. Found 0 repository interfaces.
2019-07-26 17:13:17.105  INFO 22385 --- [main] trationDelegate$BeanPostProcessorChecker : Bean 'org.springframework.transaction.annotation.ProxyTransactionManagementConfiguration' of type [org.springframework.transaction.annotation.ProxyTransactionManagementConfiguration$$EnhancerBySpringCGLIB$$edcd8655] is not eligible for getting processed by all BeanPostProcessors (for example: not eligible for auto-proxying)
2019-07-26 17:13:17.321  INFO 22385 --- [main] o.s.b.w.embedded.tomcat.TomcatWebServer  : Tomcat initialized with port(s): 8080 (http)
2019-07-26 17:13:17.350  INFO 22385 --- [main] o.apache.catalina.core.StandardService   : Starting service [Tomcat]
2019-07-26 17:13:17.350  INFO 22385 --- [main] org.apache.catalina.core.StandardEngine  : Starting Servlet engine: [Apache Tomcat/9.0.21]
2019-07-26 17:13:17.442  INFO 22385 --- [main] o.a.c.c.C.[Tomcat].[localhost].[/]       : Initializing Spring embedded WebApplicationContext
2019-07-26 17:13:17.443  INFO 22385 --- [main] o.s.web.context.ContextLoader            : Root WebApplicationContext: initialization completed in 1196 ms
2019-07-26 17:13:17.544 ERROR 22385 --- [main] com.zaxxer.hikari.HikariConfig           : Failed to load driver class com.mysql.cj.jdbc.Driver from HikariConfig class classloader sun.misc.Launcher$AppClassLoader@18b4aac2
2019-07-26 17:13:17.546  WARN 22385 --- [main] ConfigServletWebServerApplicationContext : Exception encountered during context initialization - cancelling refresh attempt: org.springframework.beans.factory.UnsatisfiedDependencyException: Error creating bean with name 'org.springframework.boot.autoconfigure.orm.jpa.HibernateJpaConfiguration': Unsatisfied dependency expressed through constructor parameter 0; nested exception is org.springframework.beans.factory.BeanCreationException: Error creating bean with name 'dataSource' defined in class path resource [org/springframework/boot/autoconfigure/jdbc/DataSourceConfiguration$Hikari.class]: Bean instantiation via factory method failed; nested exception is org.springframework.beans.BeanInstantiationException: Failed to instantiate [com.zaxxer.hikari.HikariDataSource]: Factory method 'dataSource' threw exception; nested exception is org.springframework.boot.context.properties.bind.BindException: Failed to bind properties under '' to com.zaxxer.hikari.HikariDataSource
2019-07-26 17:13:17.550  INFO 22385 --- [main] o.apache.catalina.core.StandardService   : Stopping service [Tomcat]
2019-07-26 17:13:17.566  INFO 22385 --- [main] ConditionEvaluationReportLoggingListener : 

Error starting ApplicationContext. To display the conditions report re-run your application with 'debug' enabled.
2019-07-26 17:13:17.572 ERROR 22385 --- [main] o.s.b.d.LoggingFailureAnalysisReporter   : 

***************************
APPLICATION FAILED TO START
***************************

Description:

Failed to bind properties under '' to com.zaxxer.hikari.HikariDataSource:

    Property: driverclassname
    Value: com.mysql.cj.jdbc.Driver
    Origin: "driverClassName" from property source "source"
    Reason: Failed to load driver class com.mysql.cj.jdbc.Driver in either of HikariConfig class loader or Thread context classloader

Action:

Update your application's configuration

2019-07-26 17:13:38.362  INFO 22494 --- [main] com.pacman.PacmanApplication             : Starting PacmanApplication on RS-UInemn8 with PID 22494 (/home/dmitriy/IdeaProjects/pacman/backend/out/production/classes started by dmitriy in /home/dmitriy/IdeaProjects/pacman/backend)
2019-07-26 17:13:38.365  INFO 22494 --- [main] com.pacman.PacmanApplication             : No active profile set, falling back to default profiles: default
2019-07-26 17:13:39.023  INFO 22494 --- [main] .s.d.r.c.RepositoryConfigurationDelegate : Bootstrapping Spring Data repositories in DEFAULT mode.
2019-07-26 17:13:39.041  INFO 22494 --- [main] .s.d.r.c.RepositoryConfigurationDelegate : Finished Spring Data repository scanning in 12ms. Found 0 repository interfaces.
2019-07-26 17:13:39.347  INFO 22494 --- [main] trationDelegate$BeanPostProcessorChecker : Bean 'org.springframework.transaction.annotation.ProxyTransactionManagementConfiguration' of type [org.springframework.transaction.annotation.ProxyTransactionManagementConfiguration$$EnhancerBySpringCGLIB$$64fbb114] is not eligible for getting processed by all BeanPostProcessors (for example: not eligible for auto-proxying)
2019-07-26 17:13:39.559  INFO 22494 --- [main] o.s.b.w.embedded.tomcat.TomcatWebServer  : Tomcat initialized with port(s): 8080 (http)
2019-07-26 17:13:39.585  INFO 22494 --- [main] o.apache.catalina.core.StandardService   : Starting service [Tomcat]
2019-07-26 17:13:39.586  INFO 22494 --- [main] org.apache.catalina.core.StandardEngine  : Starting Servlet engine: [Apache Tomcat/9.0.21]
2019-07-26 17:13:39.660  INFO 22494 --- [main] o.a.c.c.C.[Tomcat].[localhost].[/]       : Initializing Spring embedded WebApplicationContext
2019-07-26 17:13:39.660  INFO 22494 --- [main] o.s.web.context.ContextLoader            : Root WebApplicationContext: initialization completed in 1239 ms
2019-07-26 17:13:39.876  INFO 22494 --- [main] com.zaxxer.hikari.HikariDataSource       : HikariPool-1 - Starting...
2019-07-26 17:13:40.108  INFO 22494 --- [main] com.zaxxer.hikari.HikariDataSource       : HikariPool-1 - Start completed.
2019-07-26 17:13:40.148  INFO 22494 --- [main] o.hibernate.jpa.internal.util.LogHelper  : HHH000204: Processing PersistenceUnitInfo [
	name: default
	...]
2019-07-26 17:13:40.194  INFO 22494 --- [main] org.hibernate.Version                    : HHH000412: Hibernate Core {5.3.10.Final}
2019-07-26 17:13:40.195  INFO 22494 --- [main] org.hibernate.cfg.Environment            : HHH000206: hibernate.properties not found
2019-07-26 17:13:40.301  INFO 22494 --- [main] o.hibernate.annotations.common.Version   : HCANN000001: Hibernate Commons Annotations {5.0.4.Final}
2019-07-26 17:13:40.402  INFO 22494 --- [main] org.hibernate.dialect.Dialect            : HHH000400: Using dialect: org.hibernate.dialect.MySQL5Dialect
2019-07-26 17:13:40.573  INFO 22494 --- [main] j.LocalContainerEntityManagerFactoryBean : Initialized JPA EntityManagerFactory for persistence unit 'default'
2019-07-26 17:13:40.775  INFO 22494 --- [main] o.s.s.concurrent.ThreadPoolTaskExecutor  : Initializing ExecutorService 'applicationTaskExecutor'
2019-07-26 17:13:40.805  WARN 22494 --- [main] aWebConfiguration$JpaWebMvcConfiguration : spring.jpa.open-in-view is enabled by default. Therefore, database queries may be performed during view rendering. Explicitly configure spring.jpa.open-in-view to disable this warning
2019-07-26 17:13:40.928  WARN 22494 --- [main] o.s.b.a.f.FreeMarkerAutoConfiguration    : Cannot find template location(s): [classpath:/templates/] (please add some templates, check your FreeMarker configuration, or set spring.freemarker.checkTemplateLocation=false)
2019-07-26 17:13:41.026  INFO 22494 --- [main] .s.s.UserDetailsServiceAutoConfiguration : 

Using generated security password: 3d2ea148-2e3c-4cb2-9d0f-5dec1fb04f84

2019-07-26 17:13:41.103  INFO 22494 --- [main] o.s.s.web.DefaultSecurityFilterChain     : Creating filter chain: any request, [org.springframework.security.web.context.request.async.WebAsyncManagerIntegrationFilter@1a67f8b4, org.springframework.security.web.context.SecurityContextPersistenceFilter@5f33e6d, org.springframework.security.web.header.HeaderWriterFilter@5dacf18d, org.springframework.security.web.csrf.CsrfFilter@1115be8c, org.springframework.security.web.authentication.logout.LogoutFilter@6bc25ac2, org.springframework.security.web.authentication.UsernamePasswordAuthenticationFilter@7402c49f, org.springframework.security.web.authentication.ui.DefaultLoginPageGeneratingFilter@690ed13a, org.springframework.security.web.authentication.ui.DefaultLogoutPageGeneratingFilter@5f1f0ee6, org.springframework.security.web.authentication.www.BasicAuthenticationFilter@71734463, org.springframework.security.web.savedrequest.RequestCacheAwareFilter@6fa3def8, org.springframework.security.web.servletapi.SecurityContextHolderAwareRequestFilter@4470106b, org.springframework.security.web.authentication.AnonymousAuthenticationFilter@326706d, org.springframework.security.web.session.SessionManagementFilter@6f52a229, org.springframework.security.web.access.ExceptionTranslationFilter@4b50c21, org.springframework.security.web.access.intercept.FilterSecurityInterceptor@bf4e48e]
2019-07-26 17:13:41.163 ERROR 22494 --- [main] org.apache.catalina.util.LifecycleBase   : Failed to start component [Connector[HTTP/1.1-8080]]

org.apache.catalina.LifecycleException: Protocol handler start failed
	at org.apache.catalina.connector.Connector.startInternal(Connector.java:1008) ~[tomcat-embed-core-9.0.21.jar:9.0.21]
	at org.apache.catalina.util.LifecycleBase.start(LifecycleBase.java:183) ~[tomcat-embed-core-9.0.21.jar:9.0.21]
	at org.apache.catalina.core.StandardService.addConnector(StandardService.java:227) [tomcat-embed-core-9.0.21.jar:9.0.21]
	at org.springframework.boot.web.embedded.tomcat.TomcatWebServer.addPreviouslyRemovedConnectors(TomcatWebServer.java:263) [spring-boot-2.1.6.RELEASE.jar:2.1.6.RELEASE]
	at org.springframework.boot.web.embedded.tomcat.TomcatWebServer.start(TomcatWebServer.java:195) [spring-boot-2.1.6.RELEASE.jar:2.1.6.RELEASE]
	at org.springframework.boot.web.servlet.context.ServletWebServerApplicationContext.startWebServer(ServletWebServerApplicationContext.java:296) [spring-boot-2.1.6.RELEASE.jar:2.1.6.RELEASE]
	at org.springframework.boot.web.servlet.context.ServletWebServerApplicationContext.finishRefresh(ServletWebServerApplicationContext.java:162) [spring-boot-2.1.6.RELEASE.jar:2.1.6.RELEASE]
	at org.springframework.context.support.AbstractApplicationContext.refresh(AbstractApplicationContext.java:552) [spring-context-5.1.8.RELEASE.jar:5.1.8.RELEASE]
	at org.springframework.boot.web.servlet.context.ServletWebServerApplicationContext.refresh(ServletWebServerApplicationContext.java:140) [spring-boot-2.1.6.RELEASE.jar:2.1.6.RELEASE]
	at org.springframework.boot.SpringApplication.refresh(SpringApplication.java:742) [spring-boot-2.1.6.RELEASE.jar:2.1.6.RELEASE]
	at org.springframework.boot.SpringApplication.refreshContext(SpringApplication.java:389) [spring-boot-2.1.6.RELEASE.jar:2.1.6.RELEASE]
	at org.springframework.boot.SpringApplication.run(SpringApplication.java:311) [spring-boot-2.1.6.RELEASE.jar:2.1.6.RELEASE]
	at org.springframework.boot.SpringApplication.run(SpringApplication.java:1213) [spring-boot-2.1.6.RELEASE.jar:2.1.6.RELEASE]
	at org.springframework.boot.SpringApplication.run(SpringApplication.java:1202) [spring-boot-2.1.6.RELEASE.jar:2.1.6.RELEASE]
	at org.springframework.boot.SpringApplication$run.call(Unknown Source) [spring-boot-2.1.6.RELEASE.jar:2.1.6.RELEASE]
	at org.codehaus.groovy.runtime.callsite.CallSiteArray.defaultCall(CallSiteArray.java:47) [groovy-2.5.7.jar:2.5.7]
	at org.codehaus.groovy.runtime.callsite.AbstractCallSite.call(AbstractCallSite.java:115) [groovy-2.5.7.jar:2.5.7]
	at org.codehaus.groovy.runtime.callsite.AbstractCallSite.call(AbstractCallSite.java:135) [groovy-2.5.7.jar:2.5.7]
	at com.pacman.PacmanApplication.main(PacmanApplication.groovy:10) [classes/:na]
Caused by: java.net.BindException: Адрес уже используется
	at sun.nio.ch.Net.bind0(Native Method) ~[na:1.8.0_212]
	at sun.nio.ch.Net.bind(Net.java:433) ~[na:1.8.0_212]
	at sun.nio.ch.Net.bind(Net.java:425) ~[na:1.8.0_212]
	at sun.nio.ch.ServerSocketChannelImpl.bind(ServerSocketChannelImpl.java:223) ~[na:1.8.0_212]
	at sun.nio.ch.ServerSocketAdaptor.bind(ServerSocketAdaptor.java:74) ~[na:1.8.0_212]
	at org.apache.tomcat.util.net.NioEndpoint.initServerSocket(NioEndpoint.java:230) ~[tomcat-embed-core-9.0.21.jar:9.0.21]
	at org.apache.tomcat.util.net.NioEndpoint.bind(NioEndpoint.java:213) ~[tomcat-embed-core-9.0.21.jar:9.0.21]
	at org.apache.tomcat.util.net.AbstractEndpoint.bindWithCleanup(AbstractEndpoint.java:1124) ~[tomcat-embed-core-9.0.21.jar:9.0.21]
	at org.apache.tomcat.util.net.AbstractEndpoint.start(AbstractEndpoint.java:1210) ~[tomcat-embed-core-9.0.21.jar:9.0.21]
	at org.apache.coyote.AbstractProtocol.start(AbstractProtocol.java:585) ~[tomcat-embed-core-9.0.21.jar:9.0.21]
	at org.apache.catalina.connector.Connector.startInternal(Connector.java:1005) ~[tomcat-embed-core-9.0.21.jar:9.0.21]
	... 18 common frames omitted

2019-07-26 17:13:41.168  INFO 22494 --- [main] o.apache.catalina.core.StandardService   : Stopping service [Tomcat]
2019-07-26 17:13:41.175  INFO 22494 --- [main] ConditionEvaluationReportLoggingListener : 

Error starting ApplicationContext. To display the conditions report re-run your application with 'debug' enabled.
2019-07-26 17:13:41.180 ERROR 22494 --- [main] o.s.b.d.LoggingFailureAnalysisReporter   : 

***************************
APPLICATION FAILED TO START
***************************

Description:

The Tomcat connector configured to listen on port 8080 failed to start. The port may already be in use or the connector may be misconfigured.

Action:

Verify the connector's configuration, identify and stop any process that's listening on port 8080, or configure this application to listen on another port.

2019-07-26 17:13:41.182  INFO 22494 --- [main] o.s.s.concurrent.ThreadPoolTaskExecutor  : Shutting down ExecutorService 'applicationTaskExecutor'
2019-07-26 17:13:41.183  INFO 22494 --- [main] j.LocalContainerEntityManagerFactoryBean : Closing JPA EntityManagerFactory for persistence unit 'default'
2019-07-26 17:13:41.185  INFO 22494 --- [main] com.zaxxer.hikari.HikariDataSource       : HikariPool-1 - Shutdown initiated...
2019-07-26 17:13:41.194  INFO 22494 --- [main] com.zaxxer.hikari.HikariDataSource       : HikariPool-1 - Shutdown completed.
2019-07-26 17:15:06.299  INFO 22633 --- [main] com.pacman.PacmanApplication             : Starting PacmanApplication on RS-UInemn8 with PID 22633 (/home/dmitriy/IdeaProjects/pacman/backend/out/production/classes started by dmitriy in /home/dmitriy/IdeaProjects/pacman/backend)
2019-07-26 17:15:06.303  INFO 22633 --- [main] com.pacman.PacmanApplication             : No active profile set, falling back to default profiles: default
2019-07-26 17:15:06.976  INFO 22633 --- [main] .s.d.r.c.RepositoryConfigurationDelegate : Bootstrapping Spring Data repositories in DEFAULT mode.
2019-07-26 17:15:06.996  INFO 22633 --- [main] .s.d.r.c.RepositoryConfigurationDelegate : Finished Spring Data repository scanning in 12ms. Found 0 repository interfaces.
2019-07-26 17:15:07.296  INFO 22633 --- [main] trationDelegate$BeanPostProcessorChecker : Bean 'org.springframework.transaction.annotation.ProxyTransactionManagementConfiguration' of type [org.springframework.transaction.annotation.ProxyTransactionManagementConfiguration$$EnhancerBySpringCGLIB$$5d4f617] is not eligible for getting processed by all BeanPostProcessors (for example: not eligible for auto-proxying)
2019-07-26 17:15:07.495  INFO 22633 --- [main] o.s.b.w.embedded.tomcat.TomcatWebServer  : Tomcat initialized with port(s): 8080 (http)
2019-07-26 17:15:07.521  INFO 22633 --- [main] o.apache.catalina.core.StandardService   : Starting service [Tomcat]
2019-07-26 17:15:07.521  INFO 22633 --- [main] org.apache.catalina.core.StandardEngine  : Starting Servlet engine: [Apache Tomcat/9.0.21]
2019-07-26 17:15:07.593  INFO 22633 --- [main] o.a.c.c.C.[Tomcat].[localhost].[/]       : Initializing Spring embedded WebApplicationContext
2019-07-26 17:15:07.594  INFO 22633 --- [main] o.s.web.context.ContextLoader            : Root WebApplicationContext: initialization completed in 1128 ms
2019-07-26 17:15:07.808  INFO 22633 --- [main] com.zaxxer.hikari.HikariDataSource       : HikariPool-1 - Starting...
2019-07-26 17:15:08.045  INFO 22633 --- [main] com.zaxxer.hikari.HikariDataSource       : HikariPool-1 - Start completed.
2019-07-26 17:15:08.085  INFO 22633 --- [main] o.hibernate.jpa.internal.util.LogHelper  : HHH000204: Processing PersistenceUnitInfo [
	name: default
	...]
2019-07-26 17:15:08.131  INFO 22633 --- [main] org.hibernate.Version                    : HHH000412: Hibernate Core {5.3.10.Final}
2019-07-26 17:15:08.132  INFO 22633 --- [main] org.hibernate.cfg.Environment            : HHH000206: hibernate.properties not found
2019-07-26 17:15:08.253  INFO 22633 --- [main] o.hibernate.annotations.common.Version   : HCANN000001: Hibernate Commons Annotations {5.0.4.Final}
2019-07-26 17:15:08.355  INFO 22633 --- [main] org.hibernate.dialect.Dialect            : HHH000400: Using dialect: org.hibernate.dialect.MySQL5Dialect
2019-07-26 17:15:08.532  INFO 22633 --- [main] j.LocalContainerEntityManagerFactoryBean : Initialized JPA EntityManagerFactory for persistence unit 'default'
2019-07-26 17:15:08.742  INFO 22633 --- [main] o.s.s.concurrent.ThreadPoolTaskExecutor  : Initializing ExecutorService 'applicationTaskExecutor'
2019-07-26 17:15:08.774  WARN 22633 --- [main] aWebConfiguration$JpaWebMvcConfiguration : spring.jpa.open-in-view is enabled by default. Therefore, database queries may be performed during view rendering. Explicitly configure spring.jpa.open-in-view to disable this warning
2019-07-26 17:15:08.901  WARN 22633 --- [main] o.s.b.a.f.FreeMarkerAutoConfiguration    : Cannot find template location(s): [classpath:/templates/] (please add some templates, check your FreeMarker configuration, or set spring.freemarker.checkTemplateLocation=false)
2019-07-26 17:15:09.000  INFO 22633 --- [main] .s.s.UserDetailsServiceAutoConfiguration : 

Using generated security password: bced19fe-18fa-40d6-aac5-55d7f1ec39ee

2019-07-26 17:15:09.080  INFO 22633 --- [main] o.s.s.web.DefaultSecurityFilterChain     : Creating filter chain: any request, [org.springframework.security.web.context.request.async.WebAsyncManagerIntegrationFilter@4b50c21, org.springframework.security.web.context.SecurityContextPersistenceFilter@2fcc5f49, org.springframework.security.web.header.HeaderWriterFilter@311d28f5, org.springframework.security.web.csrf.CsrfFilter@54387873, org.springframework.security.web.authentication.logout.LogoutFilter@7fb44737, org.springframework.security.web.authentication.UsernamePasswordAuthenticationFilter@71316cd7, org.springframework.security.web.authentication.ui.DefaultLoginPageGeneratingFilter@57fce8b, org.springframework.security.web.authentication.ui.DefaultLogoutPageGeneratingFilter@2e0fdc83, org.springframework.security.web.authentication.www.BasicAuthenticationFilter@7c206b14, org.springframework.security.web.savedrequest.RequestCacheAwareFilter@6cde0c69, org.springframework.security.web.servletapi.SecurityContextHolderAwareRequestFilter@72a33316, org.springframework.security.web.authentication.AnonymousAuthenticationFilter@5dacf18d, org.springframework.security.web.session.SessionManagementFilter@c190cfc, org.springframework.security.web.access.ExceptionTranslationFilter@6ed691fd, org.springframework.security.web.access.intercept.FilterSecurityInterceptor@25589735]
2019-07-26 17:15:09.147  INFO 22633 --- [main] o.s.b.w.embedded.tomcat.TomcatWebServer  : Tomcat started on port(s): 8080 (http) with context path ''
2019-07-26 17:15:09.151  INFO 22633 --- [main] com.pacman.PacmanApplication             : Started PacmanApplication in 3.207 seconds (JVM running for 4.039)
2019-07-26 17:15:50.993  INFO 22633 --- [Thread-8] o.s.s.concurrent.ThreadPoolTaskExecutor  : Shutting down ExecutorService 'applicationTaskExecutor'
2019-07-26 17:15:50.995  INFO 22633 --- [Thread-8] j.LocalContainerEntityManagerFactoryBean : Closing JPA EntityManagerFactory for persistence unit 'default'
2019-07-26 17:15:50.999  INFO 22633 --- [Thread-8] com.zaxxer.hikari.HikariDataSource       : HikariPool-1 - Shutdown initiated...
2019-07-26 17:15:51.005  INFO 22633 --- [Thread-8] com.zaxxer.hikari.HikariDataSource       : HikariPool-1 - Shutdown completed.
2019-07-26 17:15:53.466  INFO 22752 --- [main] com.pacman.PacmanApplication             : Starting PacmanApplication on RS-UInemn8 with PID 22752 (/home/dmitriy/IdeaProjects/pacman/backend/out/production/classes started by dmitriy in /home/dmitriy/IdeaProjects/pacman/backend)
2019-07-26 17:15:53.469  INFO 22752 --- [main] com.pacman.PacmanApplication             : No active profile set, falling back to default profiles: default
2019-07-26 17:15:54.135  INFO 22752 --- [main] .s.d.r.c.RepositoryConfigurationDelegate : Bootstrapping Spring Data repositories in DEFAULT mode.
2019-07-26 17:15:54.157  INFO 22752 --- [main] .s.d.r.c.RepositoryConfigurationDelegate : Finished Spring Data repository scanning in 13ms. Found 0 repository interfaces.
2019-07-26 17:15:54.479  INFO 22752 --- [main] trationDelegate$BeanPostProcessorChecker : Bean 'org.springframework.transaction.annotation.ProxyTransactionManagementConfiguration' of type [org.springframework.transaction.annotation.ProxyTransactionManagementConfiguration$$EnhancerBySpringCGLIB$$ee614c25] is not eligible for getting processed by all BeanPostProcessors (for example: not eligible for auto-proxying)
2019-07-26 17:15:54.689  INFO 22752 --- [main] o.s.b.w.embedded.tomcat.TomcatWebServer  : Tomcat initialized with port(s): 8080 (http)
2019-07-26 17:15:54.714  INFO 22752 --- [main] o.apache.catalina.core.StandardService   : Starting service [Tomcat]
2019-07-26 17:15:54.715  INFO 22752 --- [main] org.apache.catalina.core.StandardEngine  : Starting Servlet engine: [Apache Tomcat/9.0.21]
2019-07-26 17:15:54.790  INFO 22752 --- [main] o.a.c.c.C.[Tomcat].[localhost].[/]       : Initializing Spring embedded WebApplicationContext
2019-07-26 17:15:54.790  INFO 22752 --- [main] o.s.web.context.ContextLoader            : Root WebApplicationContext: initialization completed in 1269 ms
2019-07-26 17:15:55.004  INFO 22752 --- [main] com.zaxxer.hikari.HikariDataSource       : HikariPool-1 - Starting...
2019-07-26 17:15:55.231  INFO 22752 --- [main] com.zaxxer.hikari.HikariDataSource       : HikariPool-1 - Start completed.
2019-07-26 17:15:55.270  INFO 22752 --- [main] o.hibernate.jpa.internal.util.LogHelper  : HHH000204: Processing PersistenceUnitInfo [
	name: default
	...]
2019-07-26 17:15:55.320  INFO 22752 --- [main] org.hibernate.Version                    : HHH000412: Hibernate Core {5.3.10.Final}
2019-07-26 17:15:55.322  INFO 22752 --- [main] org.hibernate.cfg.Environment            : HHH000206: hibernate.properties not found
2019-07-26 17:15:55.443  INFO 22752 --- [main] o.hibernate.annotations.common.Version   : HCANN000001: Hibernate Commons Annotations {5.0.4.Final}
2019-07-26 17:15:55.587  INFO 22752 --- [main] org.hibernate.dialect.Dialect            : HHH000400: Using dialect: org.hibernate.dialect.MySQL5Dialect
2019-07-26 17:15:55.759  INFO 22752 --- [main] j.LocalContainerEntityManagerFactoryBean : Initialized JPA EntityManagerFactory for persistence unit 'default'
2019-07-26 17:15:55.977  INFO 22752 --- [main] o.s.s.concurrent.ThreadPoolTaskExecutor  : Initializing ExecutorService 'applicationTaskExecutor'
2019-07-26 17:15:56.007  WARN 22752 --- [main] aWebConfiguration$JpaWebMvcConfiguration : spring.jpa.open-in-view is enabled by default. Therefore, database queries may be performed during view rendering. Explicitly configure spring.jpa.open-in-view to disable this warning
2019-07-26 17:15:56.124  WARN 22752 --- [main] o.s.b.a.f.FreeMarkerAutoConfiguration    : Cannot find template location(s): [classpath:/templates/] (please add some templates, check your FreeMarker configuration, or set spring.freemarker.checkTemplateLocation=false)
2019-07-26 17:15:56.221  INFO 22752 --- [main] .s.s.UserDetailsServiceAutoConfiguration : 

Using generated security password: 5c7b6ba0-87be-4093-b971-81d4f94d9e8f

2019-07-26 17:15:56.296  INFO 22752 --- [main] o.s.s.web.DefaultSecurityFilterChain     : Creating filter chain: any request, [org.springframework.security.web.context.request.async.WebAsyncManagerIntegrationFilter@507f47f9, org.springframework.security.web.context.SecurityContextPersistenceFilter@49a06087, org.springframework.security.web.header.HeaderWriterFilter@36511772, org.springframework.security.web.csrf.CsrfFilter@13cf5f8a, org.springframework.security.web.authentication.logout.LogoutFilter@2d3b0978, org.springframework.security.web.authentication.UsernamePasswordAuthenticationFilter@4b8a0d03, org.springframework.security.web.authentication.ui.DefaultLoginPageGeneratingFilter@2110684a, org.springframework.security.web.authentication.ui.DefaultLogoutPageGeneratingFilter@6785df10, org.springframework.security.web.authentication.www.BasicAuthenticationFilter@d6d683e, org.springframework.security.web.savedrequest.RequestCacheAwareFilter@43b4ec0c, org.springframework.security.web.servletapi.SecurityContextHolderAwareRequestFilter@5b6cc344, org.springframework.security.web.authentication.AnonymousAuthenticationFilter@144440f5, org.springframework.security.web.session.SessionManagementFilter@27a90ce5, org.springframework.security.web.access.ExceptionTranslationFilter@69f3e556, org.springframework.security.web.access.intercept.FilterSecurityInterceptor@45b27ad3]
2019-07-26 17:15:56.360  INFO 22752 --- [main] o.s.b.w.embedded.tomcat.TomcatWebServer  : Tomcat started on port(s): 8080 (http) with context path ''
2019-07-26 17:15:56.363  INFO 22752 --- [main] com.pacman.PacmanApplication             : Started PacmanApplication in 3.285 seconds (JVM running for 4.064)
2019-07-26 17:45:37.997  INFO 22752 --- [http-nio-8080-exec-1] o.a.c.c.C.[Tomcat].[localhost].[/]       : Initializing Spring DispatcherServlet 'dispatcherServlet'
2019-07-26 17:45:37.997  INFO 22752 --- [http-nio-8080-exec-1] o.s.web.servlet.DispatcherServlet        : Initializing Servlet 'dispatcherServlet'
2019-07-26 17:45:38.005  INFO 22752 --- [http-nio-8080-exec-1] o.s.web.servlet.DispatcherServlet        : Completed initialization in 8 ms
